2026-03-21T11:22:44.667557609Z [inf]      id TEXT PRIMARY KEY NOT NULL,
2026-03-21T11:22:44.667578729Z [inf]  apply-schema: using database at /data/life-app.db
2026-03-21T11:22:44.667579389Z [inf]  OK: CREATE TABLE IF NOT EXISTS activity_logs (
2026-03-21T11:22:44.667581728Z [inf]  OK: CREATE TABLE IF NOT EXISTS goal_tallies (
2026-03-21T11:22:44.667585498Z [inf]  OK: CREATE TABLE IF NOT EXISTS users (
2026-03-21T11:22:44.667590048Z [inf]      id INTEGER PRIMARY KEY AUTOINCREME
2026-03-21T11:22:44.667596608Z [inf]      id INTEGER PRIMARY KEY AUTOINCREME
2026-03-21T11:22:44.667598118Z [inf]  OK: CREATE TABLE IF NOT EXISTS goal_session_patterns (
2026-03-21T11:22:44.667600888Z [inf]  OK: CREATE TABLE IF NOT EXISTS goal_roles (
2026-03-21T11:22:44.667607058Z [inf]  OK: CREATE TABLE IF NOT EXISTS goals (
2026-03-21T11:22:44.667607158Z [inf]      id INTEGER PRIMARY KEY AU
2026-03-21T11:22:44.667610658Z [inf]      id INTEGER PRIMARY KEY AUTOINCREMENT
2026-03-21T11:22:44.667614828Z [inf]      id INTEGER PRIMARY KEY AUTOINCREMENT NOT 
2026-03-21T11:22:44.667620078Z [inf]      usernam
2026-03-21T11:22:44.667624278Z [inf]  OK: CREATE TABLE IF NOT EXISTS weekly_focus_goals (
2026-03-21T11:22:44.667625628Z [inf]  OK: CREATE TABLE IF NOT EXISTS roles (
2026-03-21T11:22:44.667628678Z [inf]      id INTEGER PRIMARY KEY AUTOI
2026-03-21T11:22:44.667630928Z [inf]      id INTEGER PRIMARY KEY AUTOINCREMENT NOT 
2026-03-21T11:22:44.667633018Z [inf]  OK: CREATE TABLE IF NOT EXISTS activity_types (
2026-03-21T11:22:44.667636368Z [inf]  OK: CREATE TABLE IF NOT EXISTS weekly_plans (
2026-03-21T11:22:44.667672168Z [inf]      id INTEGER PRIMARY KEY AUTOINCRE
2026-03-21T11:22:44.667687228Z [inf]  OK: CREATE TABLE IF NOT EXISTS recurring_activities (
2026-03-21T11:22:44.667699937Z [inf]      id INTEGER PRIMARY KEY AUT
2026-03-21T11:22:44.667706787Z [inf]  OK: CREATE TABLE IF NOT EXISTS activities (
2026-03-21T11:22:44.667713087Z [inf]      id INTEGER PRIMARY KEY AUTOINCREMENT
2026-03-21T11:22:44.669749530Z [inf]  OK: CREATE TABLE IF NOT EXISTS budget_settings (
2026-03-21T11:22:44.669757140Z [inf]      id INTEGER PRIMARY KEY AUTOINCR
2026-03-21T11:22:44.669759160Z [inf]      id INTEGER PRIMARY KEY AUTOINCR
2026-03-21T11:22:44.669761310Z [inf]  OK: CREATE TABLE IF NOT EXISTS planned_expenses (
2026-03-21T11:22:44.669767990Z [inf]  OK: CREATE TABLE IF NOT EXISTS income_entries (
2026-03-21T11:22:44.669772370Z [inf]  SKIP: ALTER TABLE goals ADD COLUMN target_unit TEXT
2026-03-21T11:22:44.669775590Z [inf]      id INTEGER PRIMARY KEY AUTOINC
2026-03-21T11:22:44.669777740Z [inf]      id INTEGER PRIMARY KEY AUTOINCRE
2026-03-21T11:22:44.669784550Z [inf]  OK: CREATE TABLE IF NOT EXISTS fixed_costs (
2026-03-21T11:22:44.669787320Z [inf]  OK: CREATE TABLE IF NOT EXISTS training_plans (
2026-03-21T11:22:44.669793140Z [inf]      id INTEGER PRIMARY KEY AUTOINCREMEN
2026-03-21T11:22:44.669796220Z [inf]      id INTEGER PRIMARY KEY AUTOINCRE
2026-03-21T11:22:44.669799870Z [inf]  OK: CREATE TABLE IF NOT EXISTS spending_entries (
2026-03-21T11:22:44.669817400Z [inf]  OK: CREATE TABLE IF NOT EXISTS training_phases (
2026-03-21T11:22:44.669819070Z [inf]      id INTEGER PRIMARY KEY AUTOINC
2026-03-21T11:22:44.669825400Z [inf]  OK: CREATE TABLE IF NOT EXISTS spending_categories (
2026-03-21T11:22:44.669830789Z [inf]      id INTEGER PRIMARY KEY AUTO
2026-03-21T11:22:44.669867309Z [inf]      id INTEGER PRIMARY KEY AUTOINCREM
2026-03-21T11:22:44.669871669Z [inf]  OK: CREATE TABLE IF NOT EXISTS body_metrics (
2026-03-21T11:22:44.669876109Z [inf]      id INTEGER PRIMARY KEY AUTOINCREME
2026-03-21T11:22:44.669880279Z [inf]  OK: CREATE TABLE IF NOT EXISTS scheduler_settings (
2026-03-21T11:22:44.669885019Z [inf]      id INTEGER PRIMARY KEY AUTOI
2026-03-21T11:22:44.669889179Z [inf]  OK: CREATE TABLE IF NOT EXISTS scheduler_blackout_dates (
2026-03-21T11:22:44.669893159Z [inf]      id INTEGER PRIMARY KEY
2026-03-21T11:22:44.674749608Z [inf]  SKIP: ALTER TABLE goals ADD COLUMN month TEXT
2026-03-21T11:22:44.674759958Z [inf]  SKIP: ALTER TABLE goals ADD COLUMN preferred_days TEXT
2026-03-21T11:22:44.674766388Z [inf]  SKIP: ALTER TABLE goals ADD COLUMN preferred_time_slot TEXT
2026-03-21T11:22:44.674784708Z [inf]  SKIP: ALTER TABLE goals ADD COLUMN horizon TEXT
2026-03-21T11:22:44.674790557Z [inf]  SKIP: ALTER TABLE goals ADD COLUMN parent_goal_id INTEGER REFERENCES goals(id) ON DELE
2026-03-21T11:22:44.674878977Z [inf]  apply-schema: no users found, creating admin account...
2026-03-21T11:22:44.674897947Z [err]  node:internal/modules/cjs/loader:1210
2026-03-21T11:22:44.674905797Z [err]    throw err;
2026-03-21T11:22:44.674910986Z [err]    ^
2026-03-21T11:22:44.674916536Z [err]  
2026-03-21T11:22:44.674921626Z [err]  Error: Cannot find module 'bcryptjs'
2026-03-21T11:22:44.674926916Z [err]  Require stack:
2026-03-21T11:22:44.674932216Z [err]  - /app/apply-schema.js
2026-03-21T11:22:44.674936446Z [err]      at Module._resolveFilename (node:internal/modules/cjs/loader:1207:15)
2026-03-21T11:22:44.674941086Z [err]      at Module._load (node:internal/modules/cjs/loader:1038:27)
2026-03-21T11:22:44.674945746Z [err]      at Module.require (node:internal/modules/cjs/loader:1289:19)
2026-03-21T11:22:44.674952336Z [err]      at require (node:internal/modules/helpers:182:18)
2026-03-21T11:22:44.674956276Z [err]      at Object.<anonymous> (/app/apply-schema.js:351:20)
2026-03-21T11:22:44.674961106Z [err]      at Module._compile (node:internal/modules/cjs/loader:1521:14)
2026-03-21T11:22:44.674965036Z [err]      at Module._extensions..js (node:internal/modules/cjs/loader:1623:10)
2026-03-21T11:22:44.674969046Z [err]      at Module.load (node:internal/modules/cjs/loader:1266:32)
2026-03-21T11:22:44.674972606Z [err]      at Module._load (node:internal/modules/cjs/loader:1091:12)
2026-03-21T11:22:44.674976666Z [err]      at Function.executeUserEntryPoint [as runMain] (node:internal/modules/run_main:164:12) {
2026-03-21T11:22:44.676428354Z [err]    code: 'MODULE_NOT_FOUND',
2026-03-21T11:22:44.676432824Z [err]    requireStack: [ '/app/apply-schema.js' ]
2026-03-21T11:22:44.676438014Z [err]  }
2026-03-21T11:22:44.676443353Z [err]  
2026-03-21T11:22:44.676448363Z [err]  Node.js v20.20.1
2026-03-21T11:22:44.968213507Z [inf]  apply-schema: using database at /data/life-app.db
2026-03-21T11:22:44.973184515Z [inf]      id INTEGER PRIMARY KEY AUTOINCREMENT NOT 
2026-03-21T11:22:44.973191675Z [inf]  OK: CREATE TABLE IF NOT EXISTS weekly_plans (
2026-03-21T11:22:44.973197975Z [inf]      id INTEGER PRIMARY KEY AUTOINCREME
2026-03-21T11:22:44.973199115Z [inf]  OK: CREATE TABLE IF NOT EXISTS users (
2026-03-21T11:22:44.973202825Z [inf]  OK: CREATE TABLE IF NOT EXISTS goals (
2026-03-21T11:22:44.973209745Z [inf]      id INTEGER PRIMARY KEY AUTOINCREMENT NOT 
2026-03-21T11:22:44.973211345Z [inf]      id TEXT PRIMARY KEY NOT NULL,
2026-03-21T11:22:44.973213755Z [inf]      id INTEGER PRIMARY KEY AUT
2026-03-21T11:22:44.973216224Z [inf]  OK: CREATE TABLE IF NOT EXISTS activity_types (
2026-03-21T11:22:44.973217834Z [inf]      id INTEGER PRIMARY KEY AUTOINCREMENT
2026-03-21T11:22:44.973221164Z [inf]  OK: CREATE TABLE IF NOT EXISTS goal_roles (
2026-03-21T11:22:44.973222834Z [inf]      usernam
2026-03-21T11:22:44.973225014Z [inf]  OK: CREATE TABLE IF NOT EXISTS activities (
2026-03-21T11:22:44.973231304Z [inf]      id INTEGER PRIMARY KEY AUTOINCRE
2026-03-21T11:22:44.973233714Z [inf]  OK: CREATE TABLE IF NOT EXISTS goal_tallies (
2026-03-21T11:22:44.973234384Z [inf]  OK: CREATE TABLE IF NOT EXISTS roles (
2026-03-21T11:22:44.973235674Z [inf]      id INTEGER PRIMARY KEY AUTOINCREMENT
2026-03-21T11:22:44.973240234Z [inf]  OK: CREATE TABLE IF NOT EXISTS recurring_activities (
2026-03-21T11:22:44.973242154Z [inf]      id INTEGER PRIMARY KEY AUTOINCREME
2026-03-21T11:22:44.973245814Z [inf]  OK: CREATE TABLE IF NOT EXISTS activity_logs (
2026-03-21T11:22:44.973246984Z [inf]      id INTEGER PRIMARY KEY AU
2026-03-21T11:22:44.973252184Z [inf]  OK: CREATE TABLE IF NOT EXISTS goal_session_patterns (
2026-03-21T11:22:44.973252594Z [inf]      id INTEGER PRIMARY KEY AUTOINCREM
2026-03-21T11:22:44.973254354Z [inf]  OK: CREATE TABLE IF NOT EXISTS weekly_focus_goals (
2026-03-21T11:22:44.973259294Z [inf]      id INTEGER PRIMARY KEY AUTOI
2026-03-21T11:22:44.975790733Z [inf]  OK: CREATE TABLE IF NOT EXISTS body_metrics (
2026-03-21T11:22:44.975791573Z [inf]  OK: CREATE TABLE IF NOT EXISTS scheduler_blackout_dates (
2026-03-21T11:22:44.975797563Z [inf]      id INTEGER PRIMARY KEY
2026-03-21T11:22:44.975798463Z [inf]      id INTEGER PRIMARY KEY AUTOINCREME
2026-03-21T11:22:44.975802113Z [inf]  OK: CREATE TABLE IF NOT EXISTS budget_settings (
2026-03-21T11:22:44.975803723Z [inf]  OK: CREATE TABLE IF NOT EXISTS scheduler_settings (
2026-03-21T11:22:44.975806473Z [inf]      id INTEGER PRIMARY KEY AUTOINCREMEN
2026-03-21T11:22:44.975806543Z [inf]      id INTEGER PRIMARY KEY AUTOINCR
2026-03-21T11:22:44.975807873Z [inf]      id INTEGER PRIMARY KEY AUTOI
2026-03-21T11:22:44.975811043Z [inf]  OK: CREATE TABLE IF NOT EXISTS income_entries (
2026-03-21T11:22:44.975814662Z [inf]  OK: CREATE TABLE IF NOT EXISTS spending_entries (
2026-03-21T11:22:44.975815142Z [inf]      id INTEGER PRIMARY KEY AUTOINCRE
2026-03-21T11:22:44.975819632Z [inf]  OK: CREATE TABLE IF NOT EXISTS fixed_costs (
2026-03-21T11:22:44.975819662Z [inf]      id INTEGER PRIMARY KEY AUTOINC
2026-03-21T11:22:44.975824272Z [inf]  OK: CREATE TABLE IF NOT EXISTS spending_categories (
2026-03-21T11:22:44.975829702Z [inf]      id INTEGER PRIMARY KEY AUTO
2026-03-21T11:22:44.975834612Z [inf]  OK: CREATE TABLE IF NOT EXISTS planned_expenses (
2026-03-21T11:22:44.975835882Z [inf]  SKIP: ALTER TABLE goals ADD COLUMN target_unit TEXT
2026-03-21T11:22:44.975842102Z [inf]  OK: CREATE TABLE IF NOT EXISTS training_plans (
2026-03-21T11:22:44.975842452Z [inf]      id INTEGER PRIMARY KEY AUTOINC
2026-03-21T11:22:44.975846722Z [inf]  SKIP: ALTER TABLE goals ADD COLUMN horizon TEXT
2026-03-21T11:22:44.975853862Z [inf]      id INTEGER PRIMARY KEY AUTOINCRE
2026-03-21T11:22:44.975860602Z [inf]  OK: CREATE TABLE IF NOT EXISTS training_phases (
2026-03-21T11:22:44.975866122Z [inf]      id INTEGER PRIMARY KEY AUTOINCR
2026-03-21T11:22:44.978061053Z [inf]  SKIP: ALTER TABLE goals ADD COLUMN parent_goal_id INTEGER REFERENCES goals(id) ON DELE
2026-03-21T11:22:44.978068593Z [inf]  SKIP: ALTER TABLE goals ADD COLUMN month TEXT
2026-03-21T11:22:44.978073763Z [inf]  SKIP: ALTER TABLE goals ADD COLUMN preferred_days TEXT
2026-03-21T11:22:44.978079913Z [err]      at Function.executeUserEntryPoint [as runMain] (node:internal/modules/run_main:164:12) {
2026-03-21T11:22:44.978080233Z [inf]  SKIP: ALTER TABLE goals ADD COLUMN preferred_time_slot TEXT
2026-03-21T11:22:44.978081863Z [err]  Error: Cannot find module 'bcryptjs'
2026-03-21T11:22:44.978085463Z [inf]  apply-schema: no users found, creating admin account...
2026-03-21T11:22:44.978089153Z [err]  node:internal/modules/cjs/loader:1210
2026-03-21T11:22:44.978089373Z [err]  Require stack:
2026-03-21T11:22:44.978092413Z [err]    throw err;
2026-03-21T11:22:44.978094993Z [err]  - /app/apply-schema.js
2026-03-21T11:22:44.978095913Z [err]    ^
2026-03-21T11:22:44.978100373Z [err]      at Module._resolveFilename (node:internal/modules/cjs/loader:1207:15)
2026-03-21T11:22:44.978101123Z [err]  
2026-03-21T11:22:44.978104963Z [err]      at Module._load (node:internal/modules/cjs/loader:1038:27)
2026-03-21T11:22:44.978109273Z [err]      at Module.require (node:internal/modules/cjs/loader:1289:19)
2026-03-21T11:22:44.978113993Z [err]      at require (node:internal/modules/helpers:182:18)
2026-03-21T11:22:44.978118173Z [err]      at Object.<anonymous> (/app/apply-schema.js:351:20)
2026-03-21T11:22:44.978122473Z [err]      at Module._compile (node:internal/modules/cjs/loader:1521:14)
2026-03-21T11:22:44.978126833Z [err]      at Module._extensions..js (node:internal/modules/cjs/loader:1623:10)
2026-03-21T11:22:44.978131423Z [err]      at Module.load (node:internal/modules/cjs/loader:1266:32)
2026-03-21T11:22:44.978135523Z [err]      at Module._load (node:internal/modules/cjs/loader:1091:12)
2026-03-21T11:22:44.979953647Z [err]  
2026-03-21T11:22:44.979959747Z [err]  Node.js v20.20.1
2026-03-21T11:22:44.979960957Z [err]    code: 'MODULE_NOT_FOUND',
2026-03-21T11:22:44.979965527Z [err]    requireStack: [ '/app/apply-schema.js' ]
2026-03-21T11:22:44.979969097Z [err]  }
2026-03-21T11:22:45.494186593Z [inf]  Starting Container
2026-03-21T11:22:45.650581718Z [inf]  apply-schema: using database at /data/life-app.db
2026-03-21T11:22:45.650584917Z [inf]  OK: CREATE TABLE IF NOT EXISTS users (
2026-03-21T11:22:45.650588447Z [inf]      id TEXT PRIMARY KEY NOT NULL,
2026-03-21T11:22:45.650591747Z [inf]      usernam
2026-03-21T11:22:45.650596637Z [inf]  OK: CREATE TABLE IF NOT EXISTS roles (
2026-03-21T11:22:45.650600507Z [inf]      id INTEGER PRIMARY KEY AUTOINCREMENT NOT 
2026-03-21T11:22:45.650604647Z [inf]  OK: CREATE TABLE IF NOT EXISTS weekly_plans (
2026-03-21T11:22:45.650608027Z [inf]      id INTEGER PRIMARY KEY AUTOINCREME
2026-03-21T11:22:45.650611837Z [inf]  OK: CREATE TABLE IF NOT EXISTS goals (
2026-03-21T11:22:45.650615337Z [inf]      id INTEGER PRIMARY KEY AUTOINCREMENT NOT 
2026-03-21T11:22:45.650619177Z [inf]  OK: CREATE TABLE IF NOT EXISTS goal_roles (
2026-03-21T11:22:45.650623877Z [inf]      id INTEGER PRIMARY KEY AUTOINCREMENT
2026-03-21T11:22:45.650627427Z [inf]  OK: CREATE TABLE IF NOT EXISTS goal_tallies (
2026-03-21T11:22:45.650631127Z [inf]      id INTEGER PRIMARY KEY AUTOINCREME
2026-03-21T11:22:45.650635397Z [inf]  OK: CREATE TABLE IF NOT EXISTS goal_session_patterns (
2026-03-21T11:22:45.650639237Z [inf]      id INTEGER PRIMARY KEY AU
2026-03-21T11:22:45.650643177Z [inf]  OK: CREATE TABLE IF NOT EXISTS weekly_focus_goals (
2026-03-21T11:22:45.650646807Z [inf]      id INTEGER PRIMARY KEY AUTOI
2026-03-21T11:22:45.650651987Z [inf]  OK: CREATE TABLE IF NOT EXISTS activity_types (
2026-03-21T11:22:45.650655327Z [inf]      id INTEGER PRIMARY KEY AUTOINCRE
2026-03-21T11:22:45.650659157Z [inf]  OK: CREATE TABLE IF NOT EXISTS recurring_activities (
2026-03-21T11:22:45.650663177Z [inf]      id INTEGER PRIMARY KEY AUT
2026-03-21T11:22:45.650666887Z [inf]  OK: CREATE TABLE IF NOT EXISTS activities (
2026-03-21T11:22:45.650671397Z [inf]      id INTEGER PRIMARY KEY AUTOINCREMENT
2026-03-21T11:22:45.650675177Z [inf]  OK: CREATE TABLE IF NOT EXISTS activity_logs (
2026-03-21T11:22:45.651647478Z [inf]  OK: CREATE TABLE IF NOT EXISTS training_phases (
2026-03-21T11:22:45.651656958Z [inf]      id INTEGER PRIMARY KEY AUTOINCR
2026-03-21T11:22:45.651662418Z [inf]  SKIP: ALTER TABLE goals ADD COLUMN target_unit TEXT
2026-03-21T11:22:45.651792777Z [inf]      id INTEGER PRIMARY KEY AUTOINCREM
2026-03-21T11:22:45.651797337Z [inf]  OK: CREATE TABLE IF NOT EXISTS body_metrics (
2026-03-21T11:22:45.651804437Z [inf]      id INTEGER PRIMARY KEY AUTOINCREME
2026-03-21T11:22:45.651809717Z [inf]  OK: CREATE TABLE IF NOT EXISTS scheduler_settings (
2026-03-21T11:22:45.651814487Z [inf]      id INTEGER PRIMARY KEY AUTOI
2026-03-21T11:22:45.651819107Z [inf]  OK: CREATE TABLE IF NOT EXISTS scheduler_blackout_dates (
2026-03-21T11:22:45.651824047Z [inf]      id INTEGER PRIMARY KEY
2026-03-21T11:22:45.651829027Z [inf]  OK: CREATE TABLE IF NOT EXISTS budget_settings (
2026-03-21T11:22:45.651833657Z [inf]      id INTEGER PRIMARY KEY AUTOINCR
2026-03-21T11:22:45.651838447Z [inf]  OK: CREATE TABLE IF NOT EXISTS income_entries (
2026-03-21T11:22:45.651843097Z [inf]      id INTEGER PRIMARY KEY AUTOINCRE
2026-03-21T11:22:45.651848707Z [inf]  OK: CREATE TABLE IF NOT EXISTS fixed_costs (
2026-03-21T11:22:45.651853157Z [inf]      id INTEGER PRIMARY KEY AUTOINCREMEN
2026-03-21T11:22:45.651857777Z [inf]  OK: CREATE TABLE IF NOT EXISTS spending_entries (
2026-03-21T11:22:45.651862007Z [inf]      id INTEGER PRIMARY KEY AUTOINC
2026-03-21T11:22:45.651866457Z [inf]  OK: CREATE TABLE IF NOT EXISTS spending_categories (
2026-03-21T11:22:45.651871397Z [inf]      id INTEGER PRIMARY KEY AUTO
2026-03-21T11:22:45.651876257Z [inf]  OK: CREATE TABLE IF NOT EXISTS planned_expenses (
2026-03-21T11:22:45.651881607Z [inf]      id INTEGER PRIMARY KEY AUTOINC
2026-03-21T11:22:45.651885886Z [inf]  OK: CREATE TABLE IF NOT EXISTS training_plans (
2026-03-21T11:22:45.651891916Z [inf]      id INTEGER PRIMARY KEY AUTOINCRE
2026-03-21T11:22:45.653704331Z [err]      at Module._resolveFilename (node:internal/modules/cjs/loader:1207:15)
2026-03-21T11:22:45.653712831Z [err]      at Module._load (node:internal/modules/cjs/loader:1038:27)
2026-03-21T11:22:45.653719691Z [err]      at Module.require (node:internal/modules/cjs/loader:1289:19)
2026-03-21T11:22:45.653725161Z [err]      at require (node:internal/modules/helpers:182:18)
2026-03-21T11:22:45.653731801Z [err]      at Object.<anonymous> (/app/apply-schema.js:351:20)
2026-03-21T11:22:45.653737931Z [err]      at Module._compile (node:internal/modules/cjs/loader:1521:14)
2026-03-21T11:22:45.653744391Z [err]      at Module._extensions..js (node:internal/modules/cjs/loader:1623:10)
2026-03-21T11:22:45.653752281Z [err]      at Module.load (node:internal/modules/cjs/loader:1266:32)
2026-03-21T11:22:45.653754541Z [inf]  SKIP: ALTER TABLE goals ADD COLUMN horizon TEXT
2026-03-21T11:22:45.653762351Z [err]      at Module._load (node:internal/modules/cjs/loader:1091:12)
2026-03-21T11:22:45.653762891Z [inf]  SKIP: ALTER TABLE goals ADD COLUMN parent_goal_id INTEGER REFERENCES goals(id) ON DELE
2026-03-21T11:22:45.653772411Z [inf]  SKIP: ALTER TABLE goals ADD COLUMN month TEXT
2026-03-21T11:22:45.653773470Z [err]      at Function.executeUserEntryPoint [as runMain] (node:internal/modules/run_main:164:12) {
2026-03-21T11:22:45.653778010Z [inf]  SKIP: ALTER TABLE goals ADD COLUMN preferred_days TEXT
2026-03-21T11:22:45.653782080Z [inf]  SKIP: ALTER TABLE goals ADD COLUMN preferred_time_slot TEXT
2026-03-21T11:22:45.653804920Z [inf]  apply-schema: no users found, creating admin account...
2026-03-21T11:22:45.653808930Z [err]  node:internal/modules/cjs/loader:1210
2026-03-21T11:22:45.653816960Z [err]    throw err;
2026-03-21T11:22:45.653821180Z [err]    ^
2026-03-21T11:22:45.653825330Z [err]  
2026-03-21T11:22:45.653829260Z [err]  Error: Cannot find module 'bcryptjs'
2026-03-21T11:22:45.653833150Z [err]  Require stack:
2026-03-21T11:22:45.653837040Z [err]  - /app/apply-schema.js
2026-03-21T11:22:45.654762902Z [err]    code: 'MODULE_NOT_FOUND',
2026-03-21T11:22:45.654766502Z [err]    requireStack: [ '/app/apply-schema.js' ]
2026-03-21T11:22:45.654770192Z [err]  }
2026-03-21T11:22:45.654773512Z [err]  
2026-03-21T11:22:45.654777342Z [err]  Node.js v20.20.1
2026-03-21T11:22:46.676772511Z [inf]      id INTEGER PRIMARY KEY AUTOINCREMENT NOT 
2026-03-21T11:22:46.676777261Z [inf]  OK: CREATE TABLE IF NOT EXISTS weekly_plans (
2026-03-21T11:22:46.676780991Z [inf]      id INTEGER PRIMARY KEY AUTOINCREME
2026-03-21T11:22:46.676784451Z [inf]      usernam
2026-03-21T11:22:46.676784941Z [inf]      id INTEGER PRIMARY KEY AU
2026-03-21T11:22:46.676786941Z [inf]  OK: CREATE TABLE IF NOT EXISTS roles (
2026-03-21T11:22:46.676793621Z [inf]  OK: CREATE TABLE IF NOT EXISTS weekly_focus_goals (
2026-03-21T11:22:46.676798091Z [inf]      id INTEGER PRIMARY KEY AUTOI
2026-03-21T11:22:46.676799771Z [inf]  OK: CREATE TABLE IF NOT EXISTS goals (
2026-03-21T11:22:46.676804201Z [inf]  OK: CREATE TABLE IF NOT EXISTS activity_types (
2026-03-21T11:22:46.676805301Z [inf]      id INTEGER PRIMARY KEY AUTOINCREMENT NOT 
2026-03-21T11:22:46.676815551Z [inf]  apply-schema: using database at /data/life-app.db
2026-03-21T11:22:46.676816091Z [inf]  OK: CREATE TABLE IF NOT EXISTS goal_tallies (
2026-03-21T11:22:46.676817371Z [inf]  OK: CREATE TABLE IF NOT EXISTS goal_roles (
2026-03-21T11:22:46.676822421Z [inf]  OK: CREATE TABLE IF NOT EXISTS users (
2026-03-21T11:22:46.676823191Z [inf]      id INTEGER PRIMARY KEY AUTOINCREME
2026-03-21T11:22:46.676828570Z [inf]      id INTEGER PRIMARY KEY AUTOINCRE
2026-03-21T11:22:46.676828590Z [inf]      id TEXT PRIMARY KEY NOT NULL,
2026-03-21T11:22:46.676829560Z [inf]  OK: CREATE TABLE IF NOT EXISTS goal_session_patterns (
2026-03-21T11:22:46.676833920Z [inf]      id INTEGER PRIMARY KEY AUTOINCREMENT
2026-03-21T11:22:46.676836060Z [inf]  OK: CREATE TABLE IF NOT EXISTS recurring_activities (
2026-03-21T11:22:46.676840600Z [inf]      id INTEGER PRIMARY KEY AUT
2026-03-21T11:22:46.676844570Z [inf]  OK: CREATE TABLE IF NOT EXISTS activities (
2026-03-21T11:22:46.676848380Z [inf]      id INTEGER PRIMARY KEY AUTOINCREMENT
2026-03-21T11:22:46.676853010Z [inf]  OK: CREATE TABLE IF NOT EXISTS activity_logs (
2026-03-21T11:22:46.679681837Z [inf]      id INTEGER PRIMARY KEY AUTOINCREME
2026-03-21T11:22:46.679686886Z [inf]  OK: CREATE TABLE IF NOT EXISTS scheduler_settings (
2026-03-21T11:22:46.679691536Z [inf]      id INTEGER PRIMARY KEY AUTOI
2026-03-21T11:22:46.679695046Z [inf]  OK: CREATE TABLE IF NOT EXISTS scheduler_blackout_dates (
2026-03-21T11:22:46.679698516Z [inf]      id INTEGER PRIMARY KEY
2026-03-21T11:22:46.679710096Z [inf]  OK: CREATE TABLE IF NOT EXISTS budget_settings (
2026-03-21T11:22:46.679714456Z [inf]      id INTEGER PRIMARY KEY AUTOINCR
2026-03-21T11:22:46.679719186Z [inf]  OK: CREATE TABLE IF NOT EXISTS income_entries (
2026-03-21T11:22:46.679723916Z [inf]      id INTEGER PRIMARY KEY AUTOINCRE
2026-03-21T11:22:46.679728416Z [inf]  OK: CREATE TABLE IF NOT EXISTS fixed_costs (
2026-03-21T11:22:46.679732966Z [inf]      id INTEGER PRIMARY KEY AUTOINCREMEN
2026-03-21T11:22:46.679739136Z [inf]  OK: CREATE TABLE IF NOT EXISTS spending_entries (
2026-03-21T11:22:46.679744166Z [inf]      id INTEGER PRIMARY KEY AUTOINC
2026-03-21T11:22:46.679748216Z [inf]  OK: CREATE TABLE IF NOT EXISTS spending_categories (
2026-03-21T11:22:46.679752536Z [inf]      id INTEGER PRIMARY KEY AUTO
2026-03-21T11:22:46.679756506Z [inf]  OK: CREATE TABLE IF NOT EXISTS planned_expenses (
2026-03-21T11:22:46.679760246Z [inf]      id INTEGER PRIMARY KEY AUTOINC
2026-03-21T11:22:46.679765446Z [inf]  OK: CREATE TABLE IF NOT EXISTS training_plans (
2026-03-21T11:22:46.679769896Z [inf]      id INTEGER PRIMARY KEY AUTOINCRE
2026-03-21T11:22:46.679773726Z [inf]  OK: CREATE TABLE IF NOT EXISTS training_phases (
2026-03-21T11:22:46.679780496Z [inf]      id INTEGER PRIMARY KEY AUTOINCR
2026-03-21T11:22:46.679781516Z [inf]      id INTEGER PRIMARY KEY AUTOINCREM
2026-03-21T11:22:46.679788416Z [inf]  OK: CREATE TABLE IF NOT EXISTS body_metrics (
2026-03-21T11:22:46.679788786Z [inf]  SKIP: ALTER TABLE goals ADD COLUMN target_unit TEXT
2026-03-21T11:22:46.681935398Z [inf]  SKIP: ALTER TABLE goals ADD COLUMN horizon TEXT
2026-03-21T11:22:46.681939018Z [err]      at require (node:internal/modules/helpers:182:18)
2026-03-21T11:22:46.681940558Z [inf]  SKIP: ALTER TABLE goals ADD COLUMN parent_goal_id INTEGER REFERENCES goals(id) ON DELE
2026-03-21T11:22:46.681949668Z [err]      at Object.<anonymous> (/app/apply-schema.js:351:20)
2026-03-21T11:22:46.681955148Z [err]      at Module._compile (node:internal/modules/cjs/loader:1521:14)
2026-03-21T11:22:46.681958858Z [err]      at Module._extensions..js (node:internal/modules/cjs/loader:1623:10)
2026-03-21T11:22:46.681962877Z [err]      at Module.load (node:internal/modules/cjs/loader:1266:32)
2026-03-21T11:22:46.681966607Z [err]      at Module._load (node:internal/modules/cjs/loader:1091:12)
2026-03-21T11:22:46.681970327Z [err]      at Function.executeUserEntryPoint [as runMain] (node:internal/modules/run_main:164:12) {
2026-03-21T11:22:46.682004877Z [err]    ^
2026-03-21T11:22:46.682010257Z [inf]  SKIP: ALTER TABLE goals ADD COLUMN month TEXT
2026-03-21T11:22:46.682019907Z [err]  
2026-03-21T11:22:46.682020057Z [inf]  SKIP: ALTER TABLE goals ADD COLUMN preferred_days TEXT
2026-03-21T11:22:46.682025877Z [inf]  SKIP: ALTER TABLE goals ADD COLUMN preferred_time_slot TEXT
2026-03-21T11:22:46.682031627Z [err]  Error: Cannot find module 'bcryptjs'
2026-03-21T11:22:46.682033547Z [inf]  apply-schema: no users found, creating admin account...
2026-03-21T11:22:46.682038467Z [err]  node:internal/modules/cjs/loader:1210
2026-03-21T11:22:46.682046317Z [err]    throw err;
2026-03-21T11:22:46.682047707Z [err]  Require stack:
2026-03-21T11:22:46.682054007Z [err]  - /app/apply-schema.js
2026-03-21T11:22:46.682059417Z [err]      at Module._resolveFilename (node:internal/modules/cjs/loader:1207:15)
2026-03-21T11:22:46.682065307Z [err]      at Module._load (node:internal/modules/cjs/loader:1038:27)
2026-03-21T11:22:46.682070807Z [err]      at Module.require (node:internal/modules/cjs/loader:1289:19)
2026-03-21T11:22:46.684269518Z [err]    code: 'MODULE_NOT_FOUND',
2026-03-21T11:22:46.684277598Z [err]    requireStack: [ '/app/apply-schema.js' ]
2026-03-21T11:22:46.684283408Z [err]  }
2026-03-21T11:22:46.684288428Z [err]  
2026-03-21T11:22:46.684302418Z [err]  Node.js v20.20.1