2026-03-21T10:25:14.047886840Z [inf]  
2026-03-21T10:25:35.196259442Z [inf]  [35m[Region: europe-west4][0m
2026-03-21T10:25:35.213875718Z [inf]  
2026-03-21T10:25:35.213911623Z [inf]  [38;2;125;86;243m╭─────────────────╮[0m
2026-03-21T10:25:35.213917308Z [inf]  [38;2;125;86;243m│[0m Railpack 0.20.0 [38;2;125;86;243m│[0m
2026-03-21T10:25:35.213921842Z [inf]  [38;2;125;86;243m╰─────────────────╯[0m
2026-03-21T10:25:35.213928061Z [inf]  
2026-03-21T10:25:35.213932382Z [inf]  [33m⚠ Script start.sh not found[0m
2026-03-21T10:25:35.213936735Z [inf]  [1;31m✖ Railpack could not determine how to build the app.[0m
2026-03-21T10:25:35.213941417Z [inf]  
2026-03-21T10:25:35.213945545Z [inf]  The following languages are supported:
2026-03-21T10:25:35.213949932Z [inf]  Php
2026-03-21T10:25:35.213953973Z [inf]  Golang
2026-03-21T10:25:35.213958270Z [inf]  Java
2026-03-21T10:25:35.213962285Z [inf]  Rust
2026-03-21T10:25:35.213966307Z [inf]  Ruby
2026-03-21T10:25:35.213970271Z [inf]  Elixir
2026-03-21T10:25:35.213974361Z [inf]  Python
2026-03-21T10:25:35.213978395Z [inf]  Deno
2026-03-21T10:25:35.213982595Z [inf]  Dotnet
2026-03-21T10:25:35.213986505Z [inf]  Node
2026-03-21T10:25:35.213990722Z [inf]  Gleam
2026-03-21T10:25:35.213994746Z [inf]  Cpp
2026-03-21T10:25:35.213998584Z [inf]  Staticfile
2026-03-21T10:25:35.214003635Z [inf]  Shell
2026-03-21T10:25:35.214008027Z [inf]  
2026-03-21T10:25:35.214012108Z [inf]  The app contents that Railpack analyzed contains:
2026-03-21T10:25:35.214016058Z [inf]  
2026-03-21T10:25:35.214020018Z [inf]  ./
2026-03-21T10:25:35.214024246Z [inf]  ├── .cursor/
2026-03-21T10:25:35.214028185Z [inf]  ├── Books/
2026-03-21T10:25:35.214032362Z [inf]  ├── Climbing/
2026-03-21T10:25:35.214036198Z [inf]  ├── Course/
2026-03-21T10:25:35.214040464Z [inf]  ├── Favorite podcasts/
2026-03-21T10:25:35.214044762Z [inf]  ├── Life App/
2026-03-21T10:25:35.214048510Z [inf]  ├── Running/
2026-03-21T10:25:35.214052438Z [inf]  ├── Tennis/
2026-03-21T10:25:35.214056482Z [inf]  ├── .gitignore
2026-03-21T10:25:35.214060772Z [inf]  ├── CONTRIBUTING.md
2026-03-21T10:25:35.214064737Z [inf]  └── README.md
2026-03-21T10:25:35.214068478Z [inf]  
2026-03-21T10:25:35.214073034Z [inf]  Check out the docs for more information: https://railpack.com
2026-03-21T10:25:35.214077349Z [inf]  
2026-03-21T10:25:35.214081380Z [inf]  
2026-03-21T10:25:35.214085534Z [inf]  