2026-03-21T11:12:56.655552673Z [inf]  
2026-03-21T11:13:05.976353625Z [inf]  [35m[Region: europe-west4][0m
2026-03-21T11:13:05.999247479Z [inf]  [35m=========================
2026-03-21T11:13:05.999284423Z [inf]  Using Detected Dockerfile
2026-03-21T11:13:05.999291456Z [inf]  =========================
2026-03-21T11:13:05.999297016Z [inf]  [0m
2026-03-21T11:13:05.999322086Z [inf]  context: rr8v-rpmP
2026-03-21T11:13:06.184887177Z [inf]  [internal] load build definition from Dockerfile
2026-03-21T11:13:06.184994522Z [inf]  [internal] load build definition from Dockerfile
2026-03-21T11:13:06.185020980Z [inf]  [internal] load build definition from Dockerfile
2026-03-21T11:13:06.192307922Z [inf]  [internal] load build definition from Dockerfile
2026-03-21T11:13:06.195472228Z [inf]  [internal] load metadata for docker.io/library/node:20-alpine
2026-03-21T11:13:06.546194677Z [inf]  [internal] load metadata for docker.io/library/node:20-alpine
2026-03-21T11:13:06.546489660Z [inf]  [internal] load .dockerignore
2026-03-21T11:13:06.546738931Z [inf]  [internal] load .dockerignore
2026-03-21T11:13:06.546870368Z [inf]  [internal] load .dockerignore
2026-03-21T11:13:06.554724140Z [inf]  [internal] load .dockerignore
2026-03-21T11:13:06.560084510Z [inf]  [builder 6/6] RUN npm run build
2026-03-21T11:13:06.560124695Z [inf]  [builder 5/6] RUN npx drizzle-kit generate
2026-03-21T11:13:06.560140528Z [inf]  [runner  9/12] COPY --from=deps /app/node_modules/better-sqlite3 ./node_modules/better-sqlite3
2026-03-21T11:13:06.560153039Z [inf]  [deps 4/5] COPY package.json package-lock.json ./
2026-03-21T11:13:06.560168713Z [inf]  [runner  8/12] COPY --chown=nextjs:nodejs apply-schema.js ./apply-schema.js
2026-03-21T11:13:06.560188662Z [inf]  [runner  5/12] COPY --from=builder --chown=nextjs:nodejs /app/.next/standalone ./
2026-03-21T11:13:06.560199647Z [inf]  [runner  7/12] COPY --from=builder --chown=nextjs:nodejs /app/migrations ./migrations
2026-03-21T11:13:06.560208281Z [inf]  [deps 3/5] WORKDIR /app
2026-03-21T11:13:06.560217177Z [inf]  [deps 2/5] RUN apk add --no-cache python3 make g++
2026-03-21T11:13:06.560227399Z [inf]  [deps 1/5] FROM docker.io/library/node:20-alpine@sha256:b88333c42c23fbd91596ebd7fd10de239cedab9617de04142dde7315e3bc0afa
2026-03-21T11:13:06.560236691Z [inf]  [builder 2/6] WORKDIR /app
2026-03-21T11:13:06.560262676Z [inf]  [runner  4/12] COPY --from=builder /app/public ./public
2026-03-21T11:13:06.560272373Z [inf]  [runner  6/12] COPY --from=builder --chown=nextjs:nodejs /app/.next/static ./.next/static
2026-03-21T11:13:06.560281202Z [inf]  [internal] load build context
2026-03-21T11:13:06.560290865Z [inf]  [deps 5/5] RUN npm ci
2026-03-21T11:13:06.560301677Z [inf]  [runner 10/12] COPY --from=deps /app/node_modules/bindings ./node_modules/bindings
2026-03-21T11:13:06.560311142Z [inf]  [runner  3/12] RUN addgroup --system --gid 1001 nodejs &&     adduser --system --uid 1001 nextjs
2026-03-21T11:13:06.560320576Z [inf]  [builder 4/6] COPY . .
2026-03-21T11:13:06.560331508Z [inf]  [builder 3/6] COPY --from=deps /app/node_modules ./node_modules
2026-03-21T11:13:06.560361106Z [inf]  [runner 12/12] RUN mkdir -p /data && chown nextjs:nodejs /data
2026-03-21T11:13:06.560368605Z [inf]  [runner 11/12] COPY --from=deps /app/node_modules/file-uri-to-path ./node_modules/file-uri-to-path
2026-03-21T11:13:06.560379895Z [inf]  [deps 1/5] FROM docker.io/library/node:20-alpine@sha256:b88333c42c23fbd91596ebd7fd10de239cedab9617de04142dde7315e3bc0afa
2026-03-21T11:13:06.560386217Z [inf]  [internal] load build context
2026-03-21T11:13:06.565567995Z [inf]  [deps 1/5] FROM docker.io/library/node:20-alpine@sha256:b88333c42c23fbd91596ebd7fd10de239cedab9617de04142dde7315e3bc0afa
2026-03-21T11:13:06.566389819Z [inf]  [internal] load build context
2026-03-21T11:13:06.623357890Z [inf]  [internal] load build context
2026-03-21T11:13:06.628751057Z [inf]  [builder 2/6] WORKDIR /app
2026-03-21T11:13:06.628789725Z [inf]  [deps 2/5] RUN apk add --no-cache python3 make g++
2026-03-21T11:13:06.628802493Z [inf]  [deps 3/5] WORKDIR /app
2026-03-21T11:13:06.628812750Z [inf]  [deps 4/5] COPY package.json package-lock.json ./
2026-03-21T11:13:06.628823277Z [inf]  [deps 5/5] RUN npm ci
2026-03-21T11:13:06.628838514Z [inf]  [builder 3/6] COPY --from=deps /app/node_modules ./node_modules
2026-03-21T11:13:06.628859230Z [inf]  [builder 4/6] COPY . .
2026-03-21T11:13:06.698811365Z [inf]  [builder 4/6] COPY . .
2026-03-21T11:13:06.700016646Z [inf]  [builder 5/6] RUN npx drizzle-kit generate
2026-03-21T11:13:07.671064648Z [inf]  No config path provided, using default 'drizzle.config.ts'

2026-03-21T11:13:07.671496016Z [inf]  Reading config file '/app/drizzle.config.ts'

2026-03-21T11:13:08.078328917Z [inf]  [?25l
2026-03-21T11:13:08.079567938Z [inf]  
Is users table created or renamed from another table?
❯ + users                              create table
  ~ mission_statement_versions › users rename table
  ~ mission_statements › users         rename table
2026-03-21T11:13:08.116709525Z [inf]  npm notice
npm notice New major version of npm available! 10.8.2 -> 11.12.0
npm notice Changelog: https://github.com/npm/cli/releases/tag/v11.12.0
npm notice To update run: npm install -g npm@11.12.0
npm notice

2026-03-21T11:13:08.271913728Z [inf]  [builder 5/6] RUN npx drizzle-kit generate
2026-03-21T11:13:08.273027257Z [inf]  [builder 6/6] RUN npm run build
2026-03-21T11:13:08.511528673Z [inf]  
> life-app@0.1.0 build
> next build


2026-03-21T11:13:09.703805398Z [inf]  Attention: Next.js now collects completely anonymous telemetry regarding usage.

2026-03-21T11:13:09.704500303Z [inf]  This information is used to shape Next.js' roadmap and prioritize features.

2026-03-21T11:13:09.70451383Z [inf]  You can learn more, including how to opt-out if you'd not like to participate in this anonymous program, by visiting the following URL:
https://nextjs.org/telemetry

2026-03-21T11:13:09.704546642Z [inf]  

2026-03-21T11:13:09.716389805Z [inf]  ▲ Next.js 16.1.6 (Turbopack)

2026-03-21T11:13:09.7164808Z [inf]  

2026-03-21T11:13:09.781061482Z [inf]  ⚠ The "middleware" file convention is deprecated. Please use "proxy" instead. Learn more: https://nextjs.org/docs/messages/middleware-to-proxy

2026-03-21T11:13:09.831713362Z [inf]    Creating an optimized production build ...

2026-03-21T11:13:17.156766797Z [inf]  ✓ Compiled successfully in 6.6s

2026-03-21T11:13:17.205221133Z [inf]    Running TypeScript ...

2026-03-21T11:13:27.772818306Z [inf]    Collecting page data using 47 workers ...

2026-03-21T11:13:30.549884055Z [inf]    Generating static pages using 47 workers (0/48) ...

2026-03-21T11:13:30.627157598Z [inf]    Generating static pages using 47 workers (12/48) 

2026-03-21T11:13:31.034035751Z [inf]    Generating static pages using 47 workers (24/48) 

2026-03-21T11:13:31.157967635Z [inf]    Generating static pages using 47 workers (36/48) 

2026-03-21T11:13:31.333894019Z [inf]  ✓ Generating static pages using 47 workers (48/48) in 783.9ms

2026-03-21T11:13:31.341886055Z [inf]    Finalizing page optimization ...

2026-03-21T11:13:31.619767831Z [inf]  

2026-03-21T11:13:31.625645797Z [inf]  Route (app)
┌ ○ /
├ ○ /_not-found
├ ○ /activities
├ ○ /activity-types
├ ○ /admin/users
├ ƒ /api/activities
├ ƒ /api/activities/[id]
├ ƒ /api/activities/summary
├ ƒ /api/activity-logs
├ ƒ /api/activity-logs/[id]
├ ƒ /api/activity-types
├ ƒ /api/activity-types/[id]
├ ƒ /api/admin/users
├ ƒ /api/admin/users/[id]
├ ƒ /api/auth/[...nextauth]
├ ƒ /api/body-metrics
├ ƒ /api/budget-settings
├ ƒ /api/budget/summary
├ ƒ /api/fixed-costs
├ ƒ /api/fixed-costs/[id]
├ ƒ /api/goal-session-patterns/[id]
├ ƒ /api/goal-tallies
├ ƒ /api/goal-tallies/[id]
├ ƒ /api/goals
├ ƒ /api/goals/[id]
├ ƒ /api/goals/[id]/children
├ ƒ /api/goals/[id]/progress
├ ƒ /api/goals/[id]/session-patterns
├ ƒ /api/health
├ ƒ /api/income
├ ƒ /api/income/[id]
├ ƒ /api/planned-expenses
├ ƒ /api/planned-expenses/[id]
├ ƒ /api/recurring-activities
├ ƒ /api/recurring-activities/[id]
├ ƒ /api/roles
├ ƒ /api/roles/[id]
├ ƒ /api/roles/reorder
├ ƒ /api/schedule/apply
├ ƒ /api/schedule/generate
├ ƒ /api/schedule/reset
├ ƒ /api/scheduler-blackout-dates
├ ƒ /api/scheduler-blackout-dates/[id]
├ ƒ /api/scheduler-settings
├ ƒ /api/spending
├ ƒ /api/spending-categories
├ ƒ /api/spending-categories/[id]
├ ƒ /api/spending/[id]
├ ƒ /api/training-phases/[id]/transition
├ ƒ /api/training-plans
├ ƒ /api/training-plans/[id]
├ ƒ /api/training-plans/[id]/restart
├ ƒ /api/training-plans/assess-level
├ ƒ /api/training-plans/refresh-descriptions
├ ƒ /api/weekly-plans
├ ƒ /api/weekly-plans/[weekStartDate]/goals
├ ○ /budget
├ ○ /daily
├ ○ /fitness
├ ○ /goals
├ ○ /login
├ ○ /monthly-plan
├ ○ /roles
├ ○ /settings
├ ○ /settings/activity-types
├ ○ /settings/roles
├ ○ /settings/scheduler
├ ○ /today
└ ○ /weekly-plan


ƒ Proxy (Middleware)


2026-03-21T11:13:31.626024512Z [inf]  ○  (Static)   prerendered as static content
ƒ  (Dynamic)  server-rendered on demand

2026-03-21T11:13:31.626037739Z [inf]  

2026-03-21T11:13:31.871262493Z [inf]  [builder 6/6] RUN npm run build
2026-03-21T11:13:33.058682625Z [inf]  [runner  3/12] RUN addgroup --system --gid 1001 nodejs &&     adduser --system --uid 1001 nextjs
2026-03-21T11:13:33.058737775Z [inf]  [runner  4/12] COPY --from=builder /app/public ./public
2026-03-21T11:13:33.058769480Z [inf]  [runner  5/12] COPY --from=builder --chown=nextjs:nodejs /app/.next/standalone ./
2026-03-21T11:13:33.132457695Z [inf]  [deps 5/5] RUN npm ci
2026-03-21T11:13:33.389652139Z [inf]  [runner  5/12] COPY --from=builder --chown=nextjs:nodejs /app/.next/standalone ./
2026-03-21T11:13:33.391246116Z [inf]  [runner  6/12] COPY --from=builder --chown=nextjs:nodejs /app/.next/static ./.next/static
2026-03-21T11:13:33.430041348Z [inf]  [runner  6/12] COPY --from=builder --chown=nextjs:nodejs /app/.next/static ./.next/static
2026-03-21T11:13:33.431641530Z [inf]  [runner  7/12] COPY --from=builder --chown=nextjs:nodejs /app/migrations ./migrations
2026-03-21T11:13:33.449725069Z [inf]  [runner  7/12] COPY --from=builder --chown=nextjs:nodejs /app/migrations ./migrations
2026-03-21T11:13:33.451155583Z [inf]  [runner  8/12] COPY --chown=nextjs:nodejs apply-schema.js ./apply-schema.js
2026-03-21T11:13:33.475713613Z [inf]  [runner  8/12] COPY --chown=nextjs:nodejs apply-schema.js ./apply-schema.js
2026-03-21T11:13:33.561799690Z [inf]  [runner  9/12] COPY --from=deps /app/node_modules/better-sqlite3 ./node_modules/better-sqlite3
2026-03-21T11:13:33.595222179Z [inf]  [runner  9/12] COPY --from=deps /app/node_modules/better-sqlite3 ./node_modules/better-sqlite3
2026-03-21T11:13:33.597491415Z [inf]  [runner 10/12] COPY --from=deps /app/node_modules/bindings ./node_modules/bindings
2026-03-21T11:13:33.609513181Z [inf]  [runner 10/12] COPY --from=deps /app/node_modules/bindings ./node_modules/bindings
2026-03-21T11:13:33.610855029Z [inf]  [runner 11/12] COPY --from=deps /app/node_modules/file-uri-to-path ./node_modules/file-uri-to-path
2026-03-21T11:13:33.624370471Z [inf]  [runner 11/12] COPY --from=deps /app/node_modules/file-uri-to-path ./node_modules/file-uri-to-path
2026-03-21T11:13:33.625396060Z [inf]  [runner 12/12] RUN mkdir -p /data && chown nextjs:nodejs /data
2026-03-21T11:13:33.699870320Z [inf]  [runner 12/12] RUN mkdir -p /data && chown nextjs:nodejs /data
2026-03-21T11:13:33.701279253Z [inf]  exporting to docker image format
2026-03-21T11:13:33.701296329Z [inf]  exporting to image
2026-03-21T11:13:34.468216920Z [inf]  [auth] sharing credentials for production-europe-west4-drams3a.railway-registry.com
2026-03-21T11:13:34.468267217Z [inf]  [auth] sharing credentials for production-europe-west4-drams3a.railway-registry.com
2026-03-21T11:13:34.800369490Z [inf]  importing to docker
2026-03-21T11:13:36.913105480Z [inf]  importing to docker
2026-03-21T11:13:48.991022802Z [inf]  [92mBuild time: 42.99 seconds[0m
2026-03-21T11:13:55.716407094Z [inf]  
2026-03-21T11:13:55.716410791Z [inf]  [35m====================
Starting Healthcheck
====================
[0m
2026-03-21T11:13:55.716412272Z [inf]  [37mPath: /api/health[0m
2026-03-21T11:13:55.716413525Z [inf]  [37mRetry window: 1m0s[0m
2026-03-21T11:13:55.716414617Z [inf]  
2026-03-21T11:14:05.944257567Z [inf]  [93mAttempt #1 failed with service unavailable. Continuing to retry for 49s[0m
2026-03-21T11:14:17.101638167Z [inf]  [93mAttempt #2 failed with service unavailable. Continuing to retry for 38s[0m
2026-03-21T11:14:29.256583187Z [inf]  [93mAttempt #3 failed with service unavailable. Continuing to retry for 26s[0m
2026-03-21T11:14:43.858407726Z [inf]  [93mAttempt #4 failed with service unavailable. Continuing to retry for 11s[0m
2026-03-21T11:15:51.906967643Z [inf]  
2026-03-21T11:15:51.906971329Z [inf]  [91m1/1 replicas never became healthy![0m
2026-03-21T11:15:51.906972193Z [inf]  [91mHealthcheck failed![0m